<?xml version="1.0" encoding="UTF-8" ?><testsuite errors="0" name="jasmine.specs" tests="11" failures="0" skipped="0" hostname="localhost" time="0.0" timestamp="2018-06-21T16:15:33"><testcase classname="jasmine" name="Player should be able to play a Song" time="0.0" failure="false"/><testcase classname="jasmine" name="Player when song has been paused should indicate that the song is currently paused" time="0.0" failure="false"/><testcase classname="jasmine" name="Player when song has been paused should be possible to resume" time="0.0" failure="false"/><testcase classname="jasmine" name="Player tells the current song if the user has made it a favorite" time="0.0" failure="false"/><testcase classname="jasmine" name="Player #resume should throw an exception if song is already playing" time="0.0" failure="false"/><testcase classname="jasmine" name="Una lista de tareas debe estar vacía cuando está recién creada" time="0.0" failure="false"/><testcase classname="jasmine" name="Una lista de tareas Cuando se añade una tarea no debe estar vacía" time="0.0" failure="false"/><testcase classname="jasmine" name="Una lista de tareas Cuando se añade una tarea debe poder contener más de una tarea" time="0.0" failure="false"/><testcase classname="jasmine" name="Una lista de tareas Cuando se añade una tarea debe estar sin completar nada más añadirse a la lista de tareas" time="0.0" failure="false"/><testcase classname="jasmine" name="Una lista de tareas Cuando se añade una tarea se debe poder completar" time="0.0" failure="false"/><testcase classname="jasmine" name="Una lista de tareas Cuando se añade una tarea debe quedar vacía al borrar la última tarea" time="0.0" failure="false"/></testsuite>