<?xml version="1.0" encoding="UTF-8"?>
<testsuite xmlns:xsi="http://www.w3.org/2001/XMLSchema-instance" xsi:noNamespaceSchemaLocation="https://maven.apache.org/surefire/maven-surefire-plugin/xsd/surefire-test-report-3.0.xsd" version="3.0" name="pruebas._03_CicloDeVida_II_Spec" time="0.128" tests="2" errors="0" skipped="0" failures="0">
  <properties>
    <property name="sun.desktop" value="windows"/>
    <property name="awt.toolkit" value="sun.awt.windows.WToolkit"/>
    <property name="file.encoding.pkg" value="sun.io"/>
    <property name="java.specification.version" value="1.8"/>
    <property name="sun.cpu.isalist" value="amd64"/>
    <property name="sun.jnu.encoding" value="Cp1252"/>
    <property name="java.class.path" value="D:\JAVA\workspaces\HERRAMIENTAS\ws_TDD_Mejoras\Ej08_Spock\target\test-classes;D:\JAVA\workspaces\HERRAMIENTAS\ws_TDD_Mejoras\Ej08_Spock\target\classes;C:\Users\uno\.m2\repository\org\codehaus\groovy\groovy\3.0.8\groovy-3.0.8.jar;C:\Users\uno\.m2\repository\org\codehaus\groovy\groovy-ant\3.0.8\groovy-ant-3.0.8.jar;C:\Users\uno\.m2\repository\org\apache\ant\ant\1.10.9\ant-1.10.9.jar;C:\Users\uno\.m2\repository\org\apache\ant\ant-junit\1.10.9\ant-junit-1.10.9.jar;C:\Program Files\Java\jdk1.8.0_231\jre\..\lib\tools.jar;C:\Users\uno\.m2\repository\org\apache\ant\ant-launcher\1.10.9\ant-launcher-1.10.9.jar;C:\Users\uno\.m2\repository\org\apache\ant\ant-antlr\1.10.9\ant-antlr-1.10.9.jar;C:\Users\uno\.m2\repository\org\codehaus\groovy\groovy-astbuilder\3.0.8\groovy-astbuilder-3.0.8.jar;C:\Users\uno\.m2\repository\org\codehaus\groovy\groovy-cli-picocli\3.0.8\groovy-cli-picocli-3.0.8.jar;C:\Users\uno\.m2\repository\info\picocli\picocli\4.5.2\picocli-4.5.2.jar;C:\Users\uno\.m2\repository\org\codehaus\groovy\groovy-console\3.0.8\groovy-console-3.0.8.jar;C:\Users\uno\.m2\repository\org\codehaus\groovy\groovy-datetime\3.0.8\groovy-datetime-3.0.8.jar;C:\Users\uno\.m2\repository\org\codehaus\groovy\groovy-docgenerator\3.0.8\groovy-docgenerator-3.0.8.jar;C:\Users\uno\.m2\repository\com\thoughtworks\qdox\qdox\1.12.1\qdox-1.12.1.jar;C:\Users\uno\.m2\repository\org\codehaus\groovy\groovy-groovydoc\3.0.8\groovy-groovydoc-3.0.8.jar;C:\Users\uno\.m2\repository\com\github\javaparser\javaparser-core\3.18.0\javaparser-core-3.18.0.jar;C:\Users\uno\.m2\repository\org\codehaus\groovy\groovy-groovysh\3.0.8\groovy-groovysh-3.0.8.jar;C:\Users\uno\.m2\repository\jline\jline\2.14.6\jline-2.14.6.jar;C:\Users\uno\.m2\repository\org\codehaus\groovy\groovy-jmx\3.0.8\groovy-jmx-3.0.8.jar;C:\Users\uno\.m2\repository\org\codehaus\groovy\groovy-json\3.0.8\groovy-json-3.0.8.jar;C:\Users\uno\.m2\repository\org\codehaus\groovy\groovy-jsr223\3.0.8\groovy-jsr223-3.0.8.jar;C:\Users\uno\.m2\repository\org\codehaus\groovy\groovy-macro\3.0.8\groovy-macro-3.0.8.jar;C:\Users\uno\.m2\repository\org\codehaus\groovy\groovy-nio\3.0.8\groovy-nio-3.0.8.jar;C:\Users\uno\.m2\repository\org\codehaus\groovy\groovy-servlet\3.0.8\groovy-servlet-3.0.8.jar;C:\Users\uno\.m2\repository\org\codehaus\groovy\groovy-sql\3.0.8\groovy-sql-3.0.8.jar;C:\Users\uno\.m2\repository\org\codehaus\groovy\groovy-swing\3.0.8\groovy-swing-3.0.8.jar;C:\Users\uno\.m2\repository\org\codehaus\groovy\groovy-templates\3.0.8\groovy-templates-3.0.8.jar;C:\Users\uno\.m2\repository\org\codehaus\groovy\groovy-test\3.0.8\groovy-test-3.0.8.jar;C:\Users\uno\.m2\repository\junit\junit\4.13.2\junit-4.13.2.jar;C:\Users\uno\.m2\repository\org\hamcrest\hamcrest-core\1.3\hamcrest-core-1.3.jar;C:\Users\uno\.m2\repository\org\codehaus\groovy\groovy-test-junit5\3.0.8\groovy-test-junit5-3.0.8.jar;C:\Users\uno\.m2\repository\org\junit\jupiter\junit-jupiter-api\5.7.0\junit-jupiter-api-5.7.0.jar;C:\Users\uno\.m2\repository\org\junit\platform\junit-platform-launcher\1.7.0\junit-platform-launcher-1.7.0.jar;C:\Users\uno\.m2\repository\org\junit\jupiter\junit-jupiter-engine\5.7.0\junit-jupiter-engine-5.7.0.jar;C:\Users\uno\.m2\repository\org\codehaus\groovy\groovy-testng\3.0.8\groovy-testng-3.0.8.jar;C:\Users\uno\.m2\repository\org\testng\testng\7.4.0\testng-7.4.0.jar;C:\Users\uno\.m2\repository\com\beust\jcommander\1.78\jcommander-1.78.jar;C:\Users\uno\.m2\repository\org\webjars\jquery\3.5.1\jquery-3.5.1.jar;C:\Users\uno\.m2\repository\org\codehaus\groovy\groovy-xml\3.0.8\groovy-xml-3.0.8.jar;C:\Users\uno\.m2\repository\org\spockframework\spock-core\2.0-groovy-3.0\spock-core-2.0-groovy-3.0.jar;C:\Users\uno\.m2\repository\org\junit\platform\junit-platform-engine\1.7.2\junit-platform-engine-1.7.2.jar;C:\Users\uno\.m2\repository\org\apiguardian\apiguardian-api\1.1.0\apiguardian-api-1.1.0.jar;C:\Users\uno\.m2\repository\org\opentest4j\opentest4j\1.2.0\opentest4j-1.2.0.jar;C:\Users\uno\.m2\repository\org\junit\platform\junit-platform-commons\1.7.2\junit-platform-commons-1.7.2.jar;C:\Users\uno\.m2\repository\org\hamcrest\hamcrest\2.2\hamcrest-2.2.jar;"/>
    <property name="java.vm.vendor" value="Oracle Corporation"/>
    <property name="sun.arch.data.model" value="64"/>
    <property name="user.variant" value=""/>
    <property name="java.vendor.url" value="http://java.oracle.com/"/>
    <property name="user.timezone" value="Europe/Paris"/>
    <property name="java.vm.specification.version" value="1.8"/>
    <property name="os.name" value="Windows 10"/>
    <property name="user.country" value="ES"/>
    <property name="sun.java.launcher" value="SUN_STANDARD"/>
    <property name="sun.boot.library.path" value="C:\Program Files\Java\jdk1.8.0_231\jre\bin"/>
    <property name="sun.java.command" value="C:\Users\uno\AppData\Local\Temp\surefire2692929294850171309\surefirebooter3228370640999159595.jar C:\Users\uno\AppData\Local\Temp\surefire2692929294850171309 2021-06-10T13-20-34_164-jvmRun1 surefire2405914998103612012tmp surefire_06147699747595810493tmp"/>
    <property name="surefire.test.class.path" value="D:\JAVA\workspaces\HERRAMIENTAS\ws_TDD_Mejoras\Ej08_Spock\target\test-classes;D:\JAVA\workspaces\HERRAMIENTAS\ws_TDD_Mejoras\Ej08_Spock\target\classes;C:\Users\uno\.m2\repository\org\codehaus\groovy\groovy\3.0.8\groovy-3.0.8.jar;C:\Users\uno\.m2\repository\org\codehaus\groovy\groovy-ant\3.0.8\groovy-ant-3.0.8.jar;C:\Users\uno\.m2\repository\org\apache\ant\ant\1.10.9\ant-1.10.9.jar;C:\Users\uno\.m2\repository\org\apache\ant\ant-junit\1.10.9\ant-junit-1.10.9.jar;C:\Program Files\Java\jdk1.8.0_231\jre\..\lib\tools.jar;C:\Users\uno\.m2\repository\org\apache\ant\ant-launcher\1.10.9\ant-launcher-1.10.9.jar;C:\Users\uno\.m2\repository\org\apache\ant\ant-antlr\1.10.9\ant-antlr-1.10.9.jar;C:\Users\uno\.m2\repository\org\codehaus\groovy\groovy-astbuilder\3.0.8\groovy-astbuilder-3.0.8.jar;C:\Users\uno\.m2\repository\org\codehaus\groovy\groovy-cli-picocli\3.0.8\groovy-cli-picocli-3.0.8.jar;C:\Users\uno\.m2\repository\info\picocli\picocli\4.5.2\picocli-4.5.2.jar;C:\Users\uno\.m2\repository\org\codehaus\groovy\groovy-console\3.0.8\groovy-console-3.0.8.jar;C:\Users\uno\.m2\repository\org\codehaus\groovy\groovy-datetime\3.0.8\groovy-datetime-3.0.8.jar;C:\Users\uno\.m2\repository\org\codehaus\groovy\groovy-docgenerator\3.0.8\groovy-docgenerator-3.0.8.jar;C:\Users\uno\.m2\repository\com\thoughtworks\qdox\qdox\1.12.1\qdox-1.12.1.jar;C:\Users\uno\.m2\repository\org\codehaus\groovy\groovy-groovydoc\3.0.8\groovy-groovydoc-3.0.8.jar;C:\Users\uno\.m2\repository\com\github\javaparser\javaparser-core\3.18.0\javaparser-core-3.18.0.jar;C:\Users\uno\.m2\repository\org\codehaus\groovy\groovy-groovysh\3.0.8\groovy-groovysh-3.0.8.jar;C:\Users\uno\.m2\repository\jline\jline\2.14.6\jline-2.14.6.jar;C:\Users\uno\.m2\repository\org\codehaus\groovy\groovy-jmx\3.0.8\groovy-jmx-3.0.8.jar;C:\Users\uno\.m2\repository\org\codehaus\groovy\groovy-json\3.0.8\groovy-json-3.0.8.jar;C:\Users\uno\.m2\repository\org\codehaus\groovy\groovy-jsr223\3.0.8\groovy-jsr223-3.0.8.jar;C:\Users\uno\.m2\repository\org\codehaus\groovy\groovy-macro\3.0.8\groovy-macro-3.0.8.jar;C:\Users\uno\.m2\repository\org\codehaus\groovy\groovy-nio\3.0.8\groovy-nio-3.0.8.jar;C:\Users\uno\.m2\repository\org\codehaus\groovy\groovy-servlet\3.0.8\groovy-servlet-3.0.8.jar;C:\Users\uno\.m2\repository\org\codehaus\groovy\groovy-sql\3.0.8\groovy-sql-3.0.8.jar;C:\Users\uno\.m2\repository\org\codehaus\groovy\groovy-swing\3.0.8\groovy-swing-3.0.8.jar;C:\Users\uno\.m2\repository\org\codehaus\groovy\groovy-templates\3.0.8\groovy-templates-3.0.8.jar;C:\Users\uno\.m2\repository\org\codehaus\groovy\groovy-test\3.0.8\groovy-test-3.0.8.jar;C:\Users\uno\.m2\repository\junit\junit\4.13.2\junit-4.13.2.jar;C:\Users\uno\.m2\repository\org\hamcrest\hamcrest-core\1.3\hamcrest-core-1.3.jar;C:\Users\uno\.m2\repository\org\codehaus\groovy\groovy-test-junit5\3.0.8\groovy-test-junit5-3.0.8.jar;C:\Users\uno\.m2\repository\org\junit\jupiter\junit-jupiter-api\5.7.0\junit-jupiter-api-5.7.0.jar;C:\Users\uno\.m2\repository\org\junit\platform\junit-platform-launcher\1.7.0\junit-platform-launcher-1.7.0.jar;C:\Users\uno\.m2\repository\org\junit\jupiter\junit-jupiter-engine\5.7.0\junit-jupiter-engine-5.7.0.jar;C:\Users\uno\.m2\repository\org\codehaus\groovy\groovy-testng\3.0.8\groovy-testng-3.0.8.jar;C:\Users\uno\.m2\repository\org\testng\testng\7.4.0\testng-7.4.0.jar;C:\Users\uno\.m2\repository\com\beust\jcommander\1.78\jcommander-1.78.jar;C:\Users\uno\.m2\repository\org\webjars\jquery\3.5.1\jquery-3.5.1.jar;C:\Users\uno\.m2\repository\org\codehaus\groovy\groovy-xml\3.0.8\groovy-xml-3.0.8.jar;C:\Users\uno\.m2\repository\org\spockframework\spock-core\2.0-groovy-3.0\spock-core-2.0-groovy-3.0.jar;C:\Users\uno\.m2\repository\org\junit\platform\junit-platform-engine\1.7.2\junit-platform-engine-1.7.2.jar;C:\Users\uno\.m2\repository\org\apiguardian\apiguardian-api\1.1.0\apiguardian-api-1.1.0.jar;C:\Users\uno\.m2\repository\org\opentest4j\opentest4j\1.2.0\opentest4j-1.2.0.jar;C:\Users\uno\.m2\repository\org\junit\platform\junit-platform-commons\1.7.2\junit-platform-commons-1.7.2.jar;C:\Users\uno\.m2\repository\org\hamcrest\hamcrest\2.2\hamcrest-2.2.jar;"/>
    <property name="sun.cpu.endian" value="little"/>
    <property name="user.home" value="C:\Users\uno"/>
    <property name="user.language" value="es"/>
    <property name="java.specification.vendor" value="Oracle Corporation"/>
    <property name="java.home" value="C:\Program Files\Java\jdk1.8.0_231\jre"/>
    <property name="basedir" value="D:\JAVA\workspaces\HERRAMIENTAS\ws_TDD_Mejoras\Ej08_Spock"/>
    <property name="file.separator" value="\"/>
    <property name="line.separator" value="&#10;"/>
    <property name="java.vm.specification.vendor" value="Oracle Corporation"/>
    <property name="java.specification.name" value="Java Platform API Specification"/>
    <property name="java.awt.graphicsenv" value="sun.awt.Win32GraphicsEnvironment"/>
    <property name="surefire.real.class.path" value="C:\Users\uno\AppData\Local\Temp\surefire2692929294850171309\surefirebooter3228370640999159595.jar"/>
    <property name="sun.boot.class.path" value="C:\Program Files\Java\jdk1.8.0_231\jre\lib\resources.jar;C:\Program Files\Java\jdk1.8.0_231\jre\lib\rt.jar;C:\Program Files\Java\jdk1.8.0_231\jre\lib\sunrsasign.jar;C:\Program Files\Java\jdk1.8.0_231\jre\lib\jsse.jar;C:\Program Files\Java\jdk1.8.0_231\jre\lib\jce.jar;C:\Program Files\Java\jdk1.8.0_231\jre\lib\charsets.jar;C:\Program Files\Java\jdk1.8.0_231\jre\lib\jfr.jar;C:\Program Files\Java\jdk1.8.0_231\jre\classes"/>
    <property name="user.script" value=""/>
    <property name="sun.management.compiler" value="HotSpot 64-Bit Tiered Compilers"/>
    <property name="java.runtime.version" value="1.8.0_231-b11"/>
    <property name="user.name" value="uno"/>
    <property name="path.separator" value=";"/>
    <property name="os.version" value="10.0"/>
    <property name="java.endorsed.dirs" value="C:\Program Files\Java\jdk1.8.0_231\jre\lib\endorsed"/>
    <property name="java.runtime.name" value="Java(TM) SE Runtime Environment"/>
    <property name="file.encoding" value="Cp1252"/>
    <property name="java.vm.name" value="Java HotSpot(TM) 64-Bit Server VM"/>
    <property name="localRepository" value="C:\Users\uno\.m2\repository"/>
    <property name="java.vendor.url.bug" value="http://bugreport.sun.com/bugreport/"/>
    <property name="java.io.tmpdir" value="C:\Users\uno\AppData\Local\Temp\"/>
    <property name="java.version" value="1.8.0_231"/>
    <property name="user.dir" value="D:\JAVA\workspaces\HERRAMIENTAS\ws_TDD_Mejoras\Ej08_Spock"/>
    <property name="os.arch" value="amd64"/>
    <property name="java.vm.specification.name" value="Java Virtual Machine Specification"/>
    <property name="java.awt.printerjob" value="sun.awt.windows.WPrinterJob"/>
    <property name="sun.os.patch.level" value=""/>
    <property name="java.library.path" value="C:\Program Files\Java\jdk1.8.0_231\jre\bin;C:\WINDOWS\Sun\Java\bin;C:\WINDOWS\system32;C:\WINDOWS;D:/JAVA/ide/eclipse_2020//plugins/org.eclipse.justj.openjdk.hotspot.jre.full.win32.x86_64_15.0.1.v20201027-0507/jre/bin/server;D:/JAVA/ide/eclipse_2020//plugins/org.eclipse.justj.openjdk.hotspot.jre.full.win32.x86_64_15.0.1.v20201027-0507/jre/bin;C:\Python39\Scripts\;C:\Python39\;C:\tools\ruby27\bin;C:\Program Files (x86)\Common Files\Oracle\Java\javapath;C:\Windows\system32;C:\Windows;C:\Windows\System32\Wbem;C:\Windows\System32\WindowsPowerShell\v1.0\;C:\Windows\System32\OpenSSH\;D:\JAVA\apache-maven-3.6.0\bin;C:\Program Files\NVIDIA Corporation\NVIDIA NvDLISR;D:\JAVA\workspaces\SPRING\Spring_Microservicios\protoc\bin;C:\Program Files\Git\cmd;C:\ProgramData\chocolatey\bin;C:\Program Files (x86)\NVIDIA Corporation\PhysX\Common;C:\WINDOWS\system32;C:\WINDOWS;C:\WINDOWS\System32\Wbem;C:\WINDOWS\System32\WindowsPowerShell\v1.0\;C:\WINDOWS\System32\OpenSSH\;C:\Program Files\Java\jdk1.8.0_231\bin;C:\Program Files\nodejs\;D:\JAVA\grails-4.0.9\bin;C:\Users\uno\AppData\Local\Microsoft\WindowsApps;C:\Users\uno\AppData\Local\Programs\Microsoft VS Code\bin;C:\Users\uno\AppData\Local\Microsoft\WindowsApps;C:\Users\uno\AppData\Roaming\npm;D:\JAVA\ide\eclipse_2020;;."/>
    <property name="java.vm.info" value="mixed mode"/>
    <property name="java.vendor" value="Oracle Corporation"/>
    <property name="java.vm.version" value="25.231-b11"/>
    <property name="java.ext.dirs" value="C:\Program Files\Java\jdk1.8.0_231\jre\lib\ext;C:\WINDOWS\Sun\Java\lib\ext"/>
    <property name="sun.io.unicode.encoding" value="UnicodeLittle"/>
    <property name="java.class.version" value="52.0"/>
  </properties>
  <testcase name="calculadora.sumar suma correctamente" classname="pruebas._03_CicloDeVida_II_Spec" time="0.06">
    <system-out><![CDATA[Antes de los test
Antes de cada test
Creando Calculadora
Despues de cada test
]]></system-out>
  </testcase>
  <testcase name="calculadora.cuadrado eleva al cuadrado correctamente BIS" classname="pruebas._03_CicloDeVida_II_Spec" time="0.002">
    <system-out><![CDATA[Antes de cada test
Creando Calculadora
Despues de cada test
]]></system-out>
  </testcase>
</testsuite>