<?xml version="1.0" encoding="UTF-8"?>
<!-- Generated by org.testng.reporters.JUnitReportReporter -->
<testsuite hostname="DESKTOP-OB4CSQL" failures="0" tests="3" name="ejemplos.oyentes.TestCalculadora" time="0.005" errors="0" timestamp="2021-06-07T07:59:06 CEST" skipped="0">
  <testcase classname="ejemplos.oyentes.TestCalculadora" name="laSumaDebeSerCorrecta" time="0.002"/>
  <system-out/>
  <testcase classname="ejemplos.oyentes.TestCalculadora" name="dividirFuncionaCorrectamente" time="0.001"/>
  <system-out/>
  <testcase classname="ejemplos.oyentes.TestCalculadora" name="cuadradoFuncionaCorrectamente" time="0.002"/>
  <system-out/>
</testsuite> <!-- ejemplos.oyentes.TestCalculadora -->
