<?xml version="1.0" encoding="UTF-8"?>
<!-- Generated by org.testng.reporters.JUnitReportReporter -->
<testsuite hostname="DESKTOP-OB4CSQL" failures="0" tests="1" name="ejemplos._01_Ejemplo_Test" time="0.009" errors="0" timestamp="2021-06-06T13:52:56 CEST" skipped="0">
  <testcase classname="ejemplos._01_Ejemplo_Test" name="primerTest" time="0.009"/>
  <system-out/>
</testsuite> <!-- ejemplos._01_Ejemplo_Test -->
