<?xml version="1.0" encoding="UTF-8"?>
<!-- Generated by org.testng.reporters.JUnitReportReporter -->
<testsuite hostname="DESKTOP-OB4CSQL" failures="0" tests="3" name="ejemplos._03_Ciclo_de_vida" time="0.012" errors="0" timestamp="2021-06-06T17:37:47 CEST" skipped="0">
  <testcase classname="ejemplos._03_Ciclo_de_vida" name="primerTest" time="0.011"/>
  <system-out/>
  <testcase classname="ejemplos._03_Ciclo_de_vida" name="segundoTest" time="0.001"/>
  <system-out/>
  <testcase classname="ejemplos._03_Ciclo_de_vida" name="tercerTest" time="0.000"/>
  <system-out/>
</testsuite> <!-- ejemplos._03_Ciclo_de_vida -->
