<?xml version="1.0" encoding="UTF-8"?>
<!-- Generated by org.testng.reporters.JUnitReportReporter -->
<testsuite hostname="DESKTOP-OB4CSQL" failures="0" tests="14" name="ejemplos._07_TestParametrizado" time="0.034" errors="0" timestamp="2021-06-06T19:14:13 CEST" skipped="0">
  <testcase classname="ejemplos._07_TestParametrizado" name="testWithMultiArgMethodSource" time="0.001"/>
  <system-out/>
  <testcase classname="ejemplos._07_TestParametrizado" name="pruebaInsertarClientes" time="0.002"/>
  <system-out/>
  <testcase classname="ejemplos._07_TestParametrizado" name="testWithMultiArgMethodSource" time="0.001"/>
  <system-out/>
  <testcase classname="ejemplos._07_TestParametrizado" name="ejemplo" time="0.002"/>
  <system-out/>
  <testcase classname="ejemplos._07_TestParametrizado" name="ejemplo" time="0.002"/>
  <system-out/>
  <testcase classname="ejemplos._07_TestParametrizado" name="pruebaInsertarClientes" time="0.001"/>
  <system-out/>
  <testcase classname="ejemplos._07_TestParametrizado" name="pruebaInsertarClientes" time="0.001"/>
  <system-out/>
  <testcase classname="ejemplos._07_TestParametrizado" name="ejemplo" time="0.009"/>
  <system-out/>
  <testcase classname="ejemplos._07_TestParametrizado" name="testWithMultiArgMethodSource" time="0.003"/>
  <system-out/>
  <testcase classname="ejemplos._07_TestParametrizado" name="testWithMultiArgMethodSource" time="0.001"/>
  <system-out/>
  <testcase classname="ejemplos._07_TestParametrizado" name="pruebaInsertarClientes" time="0.001"/>
  <system-out/>
  <testcase classname="ejemplos._07_TestParametrizado" name="pruebaInsertarClientes" time="0.002"/>
  <system-out/>
  <testcase classname="ejemplos._07_TestParametrizado" name="ejemplo" time="0.001"/>
  <system-out/>
  <testcase classname="ejemplos._07_TestParametrizado" name="testWithMultiArgMethodSource" time="0.007"/>
  <system-out/>
</testsuite> <!-- ejemplos._07_TestParametrizado -->
