<?xml version="1.0" encoding="UTF-8"?>
<!-- Generated by org.testng.reporters.JUnitReportReporter -->
<testsuite hostname="DESKTOP-OB4CSQL" failures="0" tests="2" name="ejemplos.precondiciones.Test_Precondiciones" time="0.013" errors="0" timestamp="2021-06-06T19:31:41 CEST" skipped="1">
  <testcase classname="ejemplos.precondiciones.Test_Precondiciones" name="estoSoloTieneSentidoEnWindows" time="0.001"/>
  <system-out/>
  <testcase classname="ejemplos.precondiciones.Test_Precondiciones" name="estoSoloTieneSentidoEnLinux" time="0.012">
    <skipped/>
  </testcase> <!-- estoSoloTieneSentidoEnLinux -->
  <system-out/>
</testsuite> <!-- ejemplos.precondiciones.Test_Precondiciones -->
