<?xml version="1.0" encoding="UTF-8"?>
<!-- Generated by org.testng.reporters.JUnitReportReporter -->
<testsuite hostname="DESKTOP-OB4CSQL" failures="0" tests="3" name="ejemplos.parallel.TestCalculadora" time="0.012" errors="0" timestamp="2021-06-08T11:25:27 CEST" skipped="0">
  <testcase classname="ejemplos.parallel.TestCalculadora" name="cuadradoFuncionaCorrectamente" time="0.003"/>
  <system-out/>
  <testcase classname="ejemplos.parallel.TestCalculadora" name="laSumaDebeSerCorrecta" time="0.001"/>
  <system-out/>
  <testcase classname="ejemplos.parallel.TestCalculadora" name="dividirFuncionaCorrectamente" time="0.008"/>
  <system-out/>
</testsuite> <!-- ejemplos.parallel.TestCalculadora -->
