<?xml version="1.0" encoding="UTF-8"?>
<!-- Generated by org.testng.reporters.JUnitReportReporter -->
<testsuite hostname="DESKTOP-OB4CSQL" failures="0" tests="3" name="ejemplos._04_Ciclo_de_vida_2" time="0.013" errors="0" timestamp="2021-06-06T18:19:45 CEST" skipped="0">
  <testcase classname="ejemplos._04_Ciclo_de_vida_2" name="laSumaDebeSerCorrecta" time="0.002"/>
  <system-out/>
  <testcase classname="ejemplos._04_Ciclo_de_vida_2" name="dividirFuncionaCorrectamente" time="0.001"/>
  <system-out/>
  <testcase classname="ejemplos._04_Ciclo_de_vida_2" name="cuadradoFuncionaCorrectamente" time="0.010"/>
  <system-out/>
</testsuite> <!-- ejemplos._04_Ciclo_de_vida_2 -->
