<?xml version="1.0" encoding="UTF-8"?>
<testsuite xmlns:xsi="http://www.w3.org/2001/XMLSchema-instance" xsi:noNamespaceSchemaLocation="https://maven.apache.org/surefire/maven-surefire-plugin/xsd/surefire-test-report-3.0.xsd" version="3.0" name="pruebas.GestorPedidos_Spec" time="0.887" tests="3" errors="0" skipped="0" failures="0">
  <properties>
    <property name="sun.desktop" value="windows"/>
    <property name="awt.toolkit" value="sun.awt.windows.WToolkit"/>
    <property name="file.encoding.pkg" value="sun.io"/>
    <property name="java.specification.version" value="1.8"/>
    <property name="sun.cpu.isalist" value="amd64"/>
    <property name="sun.jnu.encoding" value="Cp1252"/>
    <property name="java.class.path" value="D:\JAVA\workspaces\HERRAMIENTAS\ws_TDD_Mejoras\Ej08_Spock_Mocks_Ejercicio\target\test-classes;D:\JAVA\workspaces\HERRAMIENTAS\ws_TDD_Mejoras\Ej08_Spock_Mocks_Ejercicio\target\classes;C:\Users\uno\.m2\repository\org\springframework\spring-context\5.1.9.RELEASE\spring-context-5.1.9.RELEASE.jar;C:\Users\uno\.m2\repository\org\springframework\spring-aop\5.1.9.RELEASE\spring-aop-5.1.9.RELEASE.jar;C:\Users\uno\.m2\repository\org\springframework\spring-beans\5.1.9.RELEASE\spring-beans-5.1.9.RELEASE.jar;C:\Users\uno\.m2\repository\org\springframework\spring-core\5.1.9.RELEASE\spring-core-5.1.9.RELEASE.jar;C:\Users\uno\.m2\repository\org\springframework\spring-jcl\5.1.9.RELEASE\spring-jcl-5.1.9.RELEASE.jar;C:\Users\uno\.m2\repository\org\springframework\spring-expression\5.1.9.RELEASE\spring-expression-5.1.9.RELEASE.jar;C:\Users\uno\.m2\repository\org\springframework\spring-jdbc\5.1.9.RELEASE\spring-jdbc-5.1.9.RELEASE.jar;C:\Users\uno\.m2\repository\org\springframework\spring-tx\5.1.9.RELEASE\spring-tx-5.1.9.RELEASE.jar;C:\Users\uno\.m2\repository\org\springframework\spring-orm\5.1.9.RELEASE\spring-orm-5.1.9.RELEASE.jar;C:\Users\uno\.m2\repository\com\h2database\h2\1.4.191\h2-1.4.191.jar;C:\Users\uno\.m2\repository\org\hibernate\hibernate-core\5.4.4.Final\hibernate-core-5.4.4.Final.jar;C:\Users\uno\.m2\repository\org\jboss\logging\jboss-logging\3.3.2.Final\jboss-logging-3.3.2.Final.jar;C:\Users\uno\.m2\repository\javax\persistence\javax.persistence-api\2.2\javax.persistence-api-2.2.jar;C:\Users\uno\.m2\repository\org\javassist\javassist\3.24.0-GA\javassist-3.24.0-GA.jar;C:\Users\uno\.m2\repository\net\bytebuddy\byte-buddy\1.9.11\byte-buddy-1.9.11.jar;C:\Users\uno\.m2\repository\antlr\antlr\2.7.7\antlr-2.7.7.jar;C:\Users\uno\.m2\repository\org\jboss\spec\javax\transaction\jboss-transaction-api_1.2_spec\1.1.1.Final\jboss-transaction-api_1.2_spec-1.1.1.Final.jar;C:\Users\uno\.m2\repository\org\jboss\jandex\2.0.5.Final\jandex-2.0.5.Final.jar;C:\Users\uno\.m2\repository\com\fasterxml\classmate\1.3.4\classmate-1.3.4.jar;C:\Users\uno\.m2\repository\javax\activation\javax.activation-api\1.2.0\javax.activation-api-1.2.0.jar;C:\Users\uno\.m2\repository\org\dom4j\dom4j\2.1.1\dom4j-2.1.1.jar;C:\Users\uno\.m2\repository\org\hibernate\common\hibernate-commons-annotations\5.1.0.Final\hibernate-commons-annotations-5.1.0.Final.jar;C:\Users\uno\.m2\repository\javax\xml\bind\jaxb-api\2.3.1\jaxb-api-2.3.1.jar;C:\Users\uno\.m2\repository\org\glassfish\jaxb\jaxb-runtime\2.3.1\jaxb-runtime-2.3.1.jar;C:\Users\uno\.m2\repository\org\glassfish\jaxb\txw2\2.3.1\txw2-2.3.1.jar;C:\Users\uno\.m2\repository\com\sun\istack\istack-commons-runtime\3.0.7\istack-commons-runtime-3.0.7.jar;C:\Users\uno\.m2\repository\org\jvnet\staxex\stax-ex\1.8\stax-ex-1.8.jar;C:\Users\uno\.m2\repository\com\sun\xml\fastinfoset\FastInfoset\1.2.15\FastInfoset-1.2.15.jar;C:\Users\uno\.m2\repository\org\slf4j\slf4j-api\1.7.5\slf4j-api-1.7.5.jar;C:\Users\uno\.m2\repository\ch\qos\logback\logback-classic\1.0.13\logback-classic-1.0.13.jar;C:\Users\uno\.m2\repository\ch\qos\logback\logback-core\1.0.13\logback-core-1.0.13.jar;C:\Users\uno\.m2\repository\org\codehaus\groovy\groovy\3.0.8\groovy-3.0.8.jar;C:\Users\uno\.m2\repository\org\codehaus\groovy\groovy-ant\3.0.8\groovy-ant-3.0.8.jar;C:\Users\uno\.m2\repository\org\apache\ant\ant\1.10.9\ant-1.10.9.jar;C:\Users\uno\.m2\repository\org\apache\ant\ant-junit\1.10.9\ant-junit-1.10.9.jar;C:\Program Files\Java\jdk1.8.0_231\jre\..\lib\tools.jar;C:\Users\uno\.m2\repository\org\apache\ant\ant-launcher\1.10.9\ant-launcher-1.10.9.jar;C:\Users\uno\.m2\repository\org\apache\ant\ant-antlr\1.10.9\ant-antlr-1.10.9.jar;C:\Users\uno\.m2\repository\org\codehaus\groovy\groovy-astbuilder\3.0.8\groovy-astbuilder-3.0.8.jar;C:\Users\uno\.m2\repository\org\codehaus\groovy\groovy-cli-picocli\3.0.8\groovy-cli-picocli-3.0.8.jar;C:\Users\uno\.m2\repository\info\picocli\picocli\4.5.2\picocli-4.5.2.jar;C:\Users\uno\.m2\repository\org\codehaus\groovy\groovy-console\3.0.8\groovy-console-3.0.8.jar;C:\Users\uno\.m2\repository\org\codehaus\groovy\groovy-datetime\3.0.8\groovy-datetime-3.0.8.jar;C:\Users\uno\.m2\repository\org\codehaus\groovy\groovy-docgenerator\3.0.8\groovy-docgenerator-3.0.8.jar;C:\Users\uno\.m2\repository\com\thoughtworks\qdox\qdox\1.12.1\qdox-1.12.1.jar;C:\Users\uno\.m2\repository\org\codehaus\groovy\groovy-groovydoc\3.0.8\groovy-groovydoc-3.0.8.jar;C:\Users\uno\.m2\repository\com\github\javaparser\javaparser-core\3.18.0\javaparser-core-3.18.0.jar;C:\Users\uno\.m2\repository\org\codehaus\groovy\groovy-groovysh\3.0.8\groovy-groovysh-3.0.8.jar;C:\Users\uno\.m2\repository\jline\jline\2.14.6\jline-2.14.6.jar;C:\Users\uno\.m2\repository\org\codehaus\groovy\groovy-jmx\3.0.8\groovy-jmx-3.0.8.jar;C:\Users\uno\.m2\repository\org\codehaus\groovy\groovy-json\3.0.8\groovy-json-3.0.8.jar;C:\Users\uno\.m2\repository\org\codehaus\groovy\groovy-jsr223\3.0.8\groovy-jsr223-3.0.8.jar;C:\Users\uno\.m2\repository\org\codehaus\groovy\groovy-macro\3.0.8\groovy-macro-3.0.8.jar;C:\Users\uno\.m2\repository\org\codehaus\groovy\groovy-nio\3.0.8\groovy-nio-3.0.8.jar;C:\Users\uno\.m2\repository\org\codehaus\groovy\groovy-servlet\3.0.8\groovy-servlet-3.0.8.jar;C:\Users\uno\.m2\repository\org\codehaus\groovy\groovy-sql\3.0.8\groovy-sql-3.0.8.jar;C:\Users\uno\.m2\repository\org\codehaus\groovy\groovy-swing\3.0.8\groovy-swing-3.0.8.jar;C:\Users\uno\.m2\repository\org\codehaus\groovy\groovy-templates\3.0.8\groovy-templates-3.0.8.jar;C:\Users\uno\.m2\repository\org\codehaus\groovy\groovy-test\3.0.8\groovy-test-3.0.8.jar;C:\Users\uno\.m2\repository\junit\junit\4.13.2\junit-4.13.2.jar;C:\Users\uno\.m2\repository\org\hamcrest\hamcrest-core\1.3\hamcrest-core-1.3.jar;C:\Users\uno\.m2\repository\org\codehaus\groovy\groovy-test-junit5\3.0.8\groovy-test-junit5-3.0.8.jar;C:\Users\uno\.m2\repository\org\junit\jupiter\junit-jupiter-api\5.7.0\junit-jupiter-api-5.7.0.jar;C:\Users\uno\.m2\repository\org\junit\platform\junit-platform-launcher\1.7.0\junit-platform-launcher-1.7.0.jar;C:\Users\uno\.m2\repository\org\junit\jupiter\junit-jupiter-engine\5.7.0\junit-jupiter-engine-5.7.0.jar;C:\Users\uno\.m2\repository\org\codehaus\groovy\groovy-testng\3.0.8\groovy-testng-3.0.8.jar;C:\Users\uno\.m2\repository\org\testng\testng\7.4.0\testng-7.4.0.jar;C:\Users\uno\.m2\repository\com\beust\jcommander\1.78\jcommander-1.78.jar;C:\Users\uno\.m2\repository\org\webjars\jquery\3.5.1\jquery-3.5.1.jar;C:\Users\uno\.m2\repository\org\codehaus\groovy\groovy-xml\3.0.8\groovy-xml-3.0.8.jar;C:\Users\uno\.m2\repository\org\spockframework\spock-core\2.0-groovy-3.0\spock-core-2.0-groovy-3.0.jar;C:\Users\uno\.m2\repository\org\junit\platform\junit-platform-engine\1.7.2\junit-platform-engine-1.7.2.jar;C:\Users\uno\.m2\repository\org\apiguardian\apiguardian-api\1.1.0\apiguardian-api-1.1.0.jar;C:\Users\uno\.m2\repository\org\opentest4j\opentest4j\1.2.0\opentest4j-1.2.0.jar;C:\Users\uno\.m2\repository\org\junit\platform\junit-platform-commons\1.7.2\junit-platform-commons-1.7.2.jar;C:\Users\uno\.m2\repository\org\hamcrest\hamcrest\2.2\hamcrest-2.2.jar;C:\Users\uno\.m2\repository\cglib\cglib-nodep\3.3.0\cglib-nodep-3.3.0.jar;"/>
    <property name="java.vm.vendor" value="Oracle Corporation"/>
    <property name="sun.arch.data.model" value="64"/>
    <property name="user.variant" value=""/>
    <property name="java.vendor.url" value="http://java.oracle.com/"/>
    <property name="user.timezone" value="Europe/Paris"/>
    <property name="java.vm.specification.version" value="1.8"/>
    <property name="os.name" value="Windows 10"/>
    <property name="user.country" value="ES"/>
    <property name="sun.java.launcher" value="SUN_STANDARD"/>
    <property name="sun.boot.library.path" value="C:\Program Files\Java\jdk1.8.0_231\jre\bin"/>
    <property name="sun.java.command" value="C:\Users\uno\AppData\Local\Temp\surefire2715830666599814123\surefirebooter4702020364373496701.jar C:\Users\uno\AppData\Local\Temp\surefire2715830666599814123 2021-06-15T19-19-47_583-jvmRun1 surefire4948424230599808801tmp surefire_04653154925496312987tmp"/>
    <property name="surefire.test.class.path" value="D:\JAVA\workspaces\HERRAMIENTAS\ws_TDD_Mejoras\Ej08_Spock_Mocks_Ejercicio\target\test-classes;D:\JAVA\workspaces\HERRAMIENTAS\ws_TDD_Mejoras\Ej08_Spock_Mocks_Ejercicio\target\classes;C:\Users\uno\.m2\repository\org\springframework\spring-context\5.1.9.RELEASE\spring-context-5.1.9.RELEASE.jar;C:\Users\uno\.m2\repository\org\springframework\spring-aop\5.1.9.RELEASE\spring-aop-5.1.9.RELEASE.jar;C:\Users\uno\.m2\repository\org\springframework\spring-beans\5.1.9.RELEASE\spring-beans-5.1.9.RELEASE.jar;C:\Users\uno\.m2\repository\org\springframework\spring-core\5.1.9.RELEASE\spring-core-5.1.9.RELEASE.jar;C:\Users\uno\.m2\repository\org\springframework\spring-jcl\5.1.9.RELEASE\spring-jcl-5.1.9.RELEASE.jar;C:\Users\uno\.m2\repository\org\springframework\spring-expression\5.1.9.RELEASE\spring-expression-5.1.9.RELEASE.jar;C:\Users\uno\.m2\repository\org\springframework\spring-jdbc\5.1.9.RELEASE\spring-jdbc-5.1.9.RELEASE.jar;C:\Users\uno\.m2\repository\org\springframework\spring-tx\5.1.9.RELEASE\spring-tx-5.1.9.RELEASE.jar;C:\Users\uno\.m2\repository\org\springframework\spring-orm\5.1.9.RELEASE\spring-orm-5.1.9.RELEASE.jar;C:\Users\uno\.m2\repository\com\h2database\h2\1.4.191\h2-1.4.191.jar;C:\Users\uno\.m2\repository\org\hibernate\hibernate-core\5.4.4.Final\hibernate-core-5.4.4.Final.jar;C:\Users\uno\.m2\repository\org\jboss\logging\jboss-logging\3.3.2.Final\jboss-logging-3.3.2.Final.jar;C:\Users\uno\.m2\repository\javax\persistence\javax.persistence-api\2.2\javax.persistence-api-2.2.jar;C:\Users\uno\.m2\repository\org\javassist\javassist\3.24.0-GA\javassist-3.24.0-GA.jar;C:\Users\uno\.m2\repository\net\bytebuddy\byte-buddy\1.9.11\byte-buddy-1.9.11.jar;C:\Users\uno\.m2\repository\antlr\antlr\2.7.7\antlr-2.7.7.jar;C:\Users\uno\.m2\repository\org\jboss\spec\javax\transaction\jboss-transaction-api_1.2_spec\1.1.1.Final\jboss-transaction-api_1.2_spec-1.1.1.Final.jar;C:\Users\uno\.m2\repository\org\jboss\jandex\2.0.5.Final\jandex-2.0.5.Final.jar;C:\Users\uno\.m2\repository\com\fasterxml\classmate\1.3.4\classmate-1.3.4.jar;C:\Users\uno\.m2\repository\javax\activation\javax.activation-api\1.2.0\javax.activation-api-1.2.0.jar;C:\Users\uno\.m2\repository\org\dom4j\dom4j\2.1.1\dom4j-2.1.1.jar;C:\Users\uno\.m2\repository\org\hibernate\common\hibernate-commons-annotations\5.1.0.Final\hibernate-commons-annotations-5.1.0.Final.jar;C:\Users\uno\.m2\repository\javax\xml\bind\jaxb-api\2.3.1\jaxb-api-2.3.1.jar;C:\Users\uno\.m2\repository\org\glassfish\jaxb\jaxb-runtime\2.3.1\jaxb-runtime-2.3.1.jar;C:\Users\uno\.m2\repository\org\glassfish\jaxb\txw2\2.3.1\txw2-2.3.1.jar;C:\Users\uno\.m2\repository\com\sun\istack\istack-commons-runtime\3.0.7\istack-commons-runtime-3.0.7.jar;C:\Users\uno\.m2\repository\org\jvnet\staxex\stax-ex\1.8\stax-ex-1.8.jar;C:\Users\uno\.m2\repository\com\sun\xml\fastinfoset\FastInfoset\1.2.15\FastInfoset-1.2.15.jar;C:\Users\uno\.m2\repository\org\slf4j\slf4j-api\1.7.5\slf4j-api-1.7.5.jar;C:\Users\uno\.m2\repository\ch\qos\logback\logback-classic\1.0.13\logback-classic-1.0.13.jar;C:\Users\uno\.m2\repository\ch\qos\logback\logback-core\1.0.13\logback-core-1.0.13.jar;C:\Users\uno\.m2\repository\org\codehaus\groovy\groovy\3.0.8\groovy-3.0.8.jar;C:\Users\uno\.m2\repository\org\codehaus\groovy\groovy-ant\3.0.8\groovy-ant-3.0.8.jar;C:\Users\uno\.m2\repository\org\apache\ant\ant\1.10.9\ant-1.10.9.jar;C:\Users\uno\.m2\repository\org\apache\ant\ant-junit\1.10.9\ant-junit-1.10.9.jar;C:\Program Files\Java\jdk1.8.0_231\jre\..\lib\tools.jar;C:\Users\uno\.m2\repository\org\apache\ant\ant-launcher\1.10.9\ant-launcher-1.10.9.jar;C:\Users\uno\.m2\repository\org\apache\ant\ant-antlr\1.10.9\ant-antlr-1.10.9.jar;C:\Users\uno\.m2\repository\org\codehaus\groovy\groovy-astbuilder\3.0.8\groovy-astbuilder-3.0.8.jar;C:\Users\uno\.m2\repository\org\codehaus\groovy\groovy-cli-picocli\3.0.8\groovy-cli-picocli-3.0.8.jar;C:\Users\uno\.m2\repository\info\picocli\picocli\4.5.2\picocli-4.5.2.jar;C:\Users\uno\.m2\repository\org\codehaus\groovy\groovy-console\3.0.8\groovy-console-3.0.8.jar;C:\Users\uno\.m2\repository\org\codehaus\groovy\groovy-datetime\3.0.8\groovy-datetime-3.0.8.jar;C:\Users\uno\.m2\repository\org\codehaus\groovy\groovy-docgenerator\3.0.8\groovy-docgenerator-3.0.8.jar;C:\Users\uno\.m2\repository\com\thoughtworks\qdox\qdox\1.12.1\qdox-1.12.1.jar;C:\Users\uno\.m2\repository\org\codehaus\groovy\groovy-groovydoc\3.0.8\groovy-groovydoc-3.0.8.jar;C:\Users\uno\.m2\repository\com\github\javaparser\javaparser-core\3.18.0\javaparser-core-3.18.0.jar;C:\Users\uno\.m2\repository\org\codehaus\groovy\groovy-groovysh\3.0.8\groovy-groovysh-3.0.8.jar;C:\Users\uno\.m2\repository\jline\jline\2.14.6\jline-2.14.6.jar;C:\Users\uno\.m2\repository\org\codehaus\groovy\groovy-jmx\3.0.8\groovy-jmx-3.0.8.jar;C:\Users\uno\.m2\repository\org\codehaus\groovy\groovy-json\3.0.8\groovy-json-3.0.8.jar;C:\Users\uno\.m2\repository\org\codehaus\groovy\groovy-jsr223\3.0.8\groovy-jsr223-3.0.8.jar;C:\Users\uno\.m2\repository\org\codehaus\groovy\groovy-macro\3.0.8\groovy-macro-3.0.8.jar;C:\Users\uno\.m2\repository\org\codehaus\groovy\groovy-nio\3.0.8\groovy-nio-3.0.8.jar;C:\Users\uno\.m2\repository\org\codehaus\groovy\groovy-servlet\3.0.8\groovy-servlet-3.0.8.jar;C:\Users\uno\.m2\repository\org\codehaus\groovy\groovy-sql\3.0.8\groovy-sql-3.0.8.jar;C:\Users\uno\.m2\repository\org\codehaus\groovy\groovy-swing\3.0.8\groovy-swing-3.0.8.jar;C:\Users\uno\.m2\repository\org\codehaus\groovy\groovy-templates\3.0.8\groovy-templates-3.0.8.jar;C:\Users\uno\.m2\repository\org\codehaus\groovy\groovy-test\3.0.8\groovy-test-3.0.8.jar;C:\Users\uno\.m2\repository\junit\junit\4.13.2\junit-4.13.2.jar;C:\Users\uno\.m2\repository\org\hamcrest\hamcrest-core\1.3\hamcrest-core-1.3.jar;C:\Users\uno\.m2\repository\org\codehaus\groovy\groovy-test-junit5\3.0.8\groovy-test-junit5-3.0.8.jar;C:\Users\uno\.m2\repository\org\junit\jupiter\junit-jupiter-api\5.7.0\junit-jupiter-api-5.7.0.jar;C:\Users\uno\.m2\repository\org\junit\platform\junit-platform-launcher\1.7.0\junit-platform-launcher-1.7.0.jar;C:\Users\uno\.m2\repository\org\junit\jupiter\junit-jupiter-engine\5.7.0\junit-jupiter-engine-5.7.0.jar;C:\Users\uno\.m2\repository\org\codehaus\groovy\groovy-testng\3.0.8\groovy-testng-3.0.8.jar;C:\Users\uno\.m2\repository\org\testng\testng\7.4.0\testng-7.4.0.jar;C:\Users\uno\.m2\repository\com\beust\jcommander\1.78\jcommander-1.78.jar;C:\Users\uno\.m2\repository\org\webjars\jquery\3.5.1\jquery-3.5.1.jar;C:\Users\uno\.m2\repository\org\codehaus\groovy\groovy-xml\3.0.8\groovy-xml-3.0.8.jar;C:\Users\uno\.m2\repository\org\spockframework\spock-core\2.0-groovy-3.0\spock-core-2.0-groovy-3.0.jar;C:\Users\uno\.m2\repository\org\junit\platform\junit-platform-engine\1.7.2\junit-platform-engine-1.7.2.jar;C:\Users\uno\.m2\repository\org\apiguardian\apiguardian-api\1.1.0\apiguardian-api-1.1.0.jar;C:\Users\uno\.m2\repository\org\opentest4j\opentest4j\1.2.0\opentest4j-1.2.0.jar;C:\Users\uno\.m2\repository\org\junit\platform\junit-platform-commons\1.7.2\junit-platform-commons-1.7.2.jar;C:\Users\uno\.m2\repository\org\hamcrest\hamcrest\2.2\hamcrest-2.2.jar;C:\Users\uno\.m2\repository\cglib\cglib-nodep\3.3.0\cglib-nodep-3.3.0.jar;"/>
    <property name="sun.cpu.endian" value="little"/>
    <property name="user.home" value="C:\Users\uno"/>
    <property name="user.language" value="es"/>
    <property name="java.specification.vendor" value="Oracle Corporation"/>
    <property name="java.home" value="C:\Program Files\Java\jdk1.8.0_231\jre"/>
    <property name="basedir" value="D:\JAVA\workspaces\HERRAMIENTAS\ws_TDD_Mejoras\Ej08_Spock_Mocks_Ejercicio"/>
    <property name="file.separator" value="\"/>
    <property name="line.separator" value="&#10;"/>
    <property name="java.vm.specification.vendor" value="Oracle Corporation"/>
    <property name="java.specification.name" value="Java Platform API Specification"/>
    <property name="java.awt.graphicsenv" value="sun.awt.Win32GraphicsEnvironment"/>
    <property name="surefire.real.class.path" value="C:\Users\uno\AppData\Local\Temp\surefire2715830666599814123\surefirebooter4702020364373496701.jar"/>
    <property name="sun.boot.class.path" value="C:\Program Files\Java\jdk1.8.0_231\jre\lib\resources.jar;C:\Program Files\Java\jdk1.8.0_231\jre\lib\rt.jar;C:\Program Files\Java\jdk1.8.0_231\jre\lib\sunrsasign.jar;C:\Program Files\Java\jdk1.8.0_231\jre\lib\jsse.jar;C:\Program Files\Java\jdk1.8.0_231\jre\lib\jce.jar;C:\Program Files\Java\jdk1.8.0_231\jre\lib\charsets.jar;C:\Program Files\Java\jdk1.8.0_231\jre\lib\jfr.jar;C:\Program Files\Java\jdk1.8.0_231\jre\classes"/>
    <property name="user.script" value=""/>
    <property name="sun.management.compiler" value="HotSpot 64-Bit Tiered Compilers"/>
    <property name="java.runtime.version" value="1.8.0_231-b11"/>
    <property name="user.name" value="uno"/>
    <property name="path.separator" value=";"/>
    <property name="os.version" value="10.0"/>
    <property name="java.endorsed.dirs" value="C:\Program Files\Java\jdk1.8.0_231\jre\lib\endorsed"/>
    <property name="java.runtime.name" value="Java(TM) SE Runtime Environment"/>
    <property name="file.encoding" value="Cp1252"/>
    <property name="java.vm.name" value="Java HotSpot(TM) 64-Bit Server VM"/>
    <property name="localRepository" value="C:\Users\uno\.m2\repository"/>
    <property name="java.vendor.url.bug" value="http://bugreport.sun.com/bugreport/"/>
    <property name="java.io.tmpdir" value="C:\Users\uno\AppData\Local\Temp\"/>
    <property name="java.version" value="1.8.0_231"/>
    <property name="user.dir" value="D:\JAVA\workspaces\HERRAMIENTAS\ws_TDD_Mejoras\Ej08_Spock_Mocks_Ejercicio"/>
    <property name="os.arch" value="amd64"/>
    <property name="java.vm.specification.name" value="Java Virtual Machine Specification"/>
    <property name="java.awt.printerjob" value="sun.awt.windows.WPrinterJob"/>
    <property name="sun.os.patch.level" value=""/>
    <property name="java.library.path" value="C:\Program Files\Java\jdk1.8.0_231\jre\bin;C:\WINDOWS\Sun\Java\bin;C:\WINDOWS\system32;C:\WINDOWS;C:\Python39\Scripts\;C:\Python39\;C:\tools\ruby27\bin;C:\Program Files (x86)\Common Files\Oracle\Java\javapath;C:\Windows\system32;C:\Windows;C:\Windows\System32\Wbem;C:\Windows\System32\WindowsPowerShell\v1.0\;C:\Windows\System32\OpenSSH\;D:\JAVA\apache-maven-3.6.0\bin;C:\Program Files\NVIDIA Corporation\NVIDIA NvDLISR;D:\JAVA\workspaces\SPRING\Spring_Microservicios\protoc\bin;C:\Program Files\Git\cmd;C:\ProgramData\chocolatey\bin;C:\Program Files (x86)\NVIDIA Corporation\PhysX\Common;C:\WINDOWS\system32;C:\WINDOWS;C:\WINDOWS\System32\Wbem;C:\WINDOWS\System32\WindowsPowerShell\v1.0\;C:\WINDOWS\System32\OpenSSH\;C:\Program Files\Java\jdk1.8.0_231\bin;C:\Program Files\nodejs\;D:\JAVA\grails-4.0.9\bin;C:\Users\uno\AppData\Local\Microsoft\WindowsApps;C:\Users\uno\AppData\Local\Programs\Microsoft VS Code\bin;C:\Users\uno\AppData\Local\Microsoft\WindowsApps;C:\Users\uno\AppData\Roaming\npm;."/>
    <property name="java.vm.info" value="mixed mode"/>
    <property name="java.vendor" value="Oracle Corporation"/>
    <property name="java.vm.version" value="25.231-b11"/>
    <property name="java.ext.dirs" value="C:\Program Files\Java\jdk1.8.0_231\jre\lib\ext;C:\WINDOWS\Sun\Java\lib\ext"/>
    <property name="sun.io.unicode.encoding" value="UnicodeLittle"/>
    <property name="java.class.version" value="52.0"/>
  </properties>
  <testcase name="test un pedido con datos correctos se inserta correctamente" classname="pruebas.GestorPedidos_Spec" time="0.849"/>
  <testcase name="un pedido con un cliente de datos bancarios incorrectos lanza DatosBancariosEx" classname="pruebas.GestorPedidos_Spec" time="0.02"/>
  <testcase name="un pedido con falla si no hay existencias lanzando ExistenciasException" classname="pruebas.GestorPedidos_Spec" time="0.009"/>
</testsuite>