<?xml version="1.0" encoding="UTF-8"?>
<!-- Generated by org.testng.reporters.JUnitReportReporter -->
<testsuite skipped="0" hostname="DESKTOP-OB4CSQL" name="pruebas._10_GebSpec" tests="1" failures="0" timestamp="31 ene 2021 19:30:50 GMT" time="9.582" errors="0">
  <testcase name="pantalla de login" time="9.582" classname="pruebas._10_GebSpec"/>
</testsuite> <!-- pruebas._10_GebSpec -->
