<?xml version="1.0" encoding="UTF-8"?>
<!-- Generated by org.testng.reporters.JUnitReportReporter -->
<testsuite skipped="0" hostname="DESKTOP-ITT4UKI" name="pruebas._02_GebSpec_Spec" tests="1" failures="0" timestamp="07 nov 2019 23:55:29 GMT" time="5.538" errors="0">
  <testcase name="pantalla de login" time="5.538" classname="pruebas._02_GebSpec_Spec"/>
</testsuite> <!-- pruebas._02_GebSpec_Spec -->
