<?xml version="1.0" encoding="UTF-8"?>
<!-- Generated by org.testng.reporters.JUnitReportReporter -->
<testsuite skipped="0" hostname="DESKTOP-OB4CSQL" name="pruebas._11_PaginaClientes_Spec" tests="1" failures="0" timestamp="31 ene 2021 19:30:50 GMT" time="6.677" errors="0">
  <testcase name="insertarCliente" time="6.677" classname="pruebas._11_PaginaClientes_Spec"/>
</testsuite> <!-- pruebas._11_PaginaClientes_Spec -->
