<?xml version="1.0" encoding="UTF-8"?>
<!-- Generated by org.testng.reporters.JUnitReportReporter -->
<testsuite skipped="0" hostname="DESKTOP-ITT4UKI" name="pruebas._01_Firefox_Spec" tests="1" failures="0" timestamp="07 nov 2019 23:53:26 GMT" time="6.778" errors="0">
  <testcase name="pantalla de login" time="6.778" classname="pruebas._01_Firefox_Spec"/>
</testsuite> <!-- pruebas._01_Firefox_Spec -->
