<?xml version="1.0" encoding="UTF-8"?>
<!-- Generated by org.testng.reporters.JUnitReportReporter -->
<testsuite skipped="0" hostname="DESKTOP-ITT4UKI" name="pruebas._02_Chrome_Spec" tests="1" failures="0" timestamp="07 nov 2019 23:24:40 GMT" time="1.238" errors="1">
  <testcase name="pantalla de login" time="1.238" classname="pruebas._02_Chrome_Spec">
    <error type="java.lang.IllegalStateException" message="The path to the driver executable must be set by the webdriver.gecko.driver system property; for more information, see https://github.com/mozilla/geckodriver. The latest version can be downloaded from https://github.com/mozilla/geckodriver/releases">
      <![CDATA[java.lang.IllegalStateException: The path to the driver executable must be set by the webdriver.gecko.driver system property; for more information, see https://github.com/mozilla/geckodriver. The latest version can be downloaded from https://github.com/mozilla/geckodriver/releasesat com.google.common.base.Preconditions.checkState(Preconditions.java:847)at org.openqa.selenium.remote.service.DriverService.findExecutable(DriverService.java:134)at org.openqa.selenium.firefox.GeckoDriverService.access$100(GeckoDriverService.java:44)at org.openqa.selenium.firefox.GeckoDriverService$Builder.findDefaultExecutable(GeckoDriverService.java:167)at org.openqa.selenium.remote.service.DriverService$Builder.build(DriverService.java:355)at org.openqa.selenium.firefox.FirefoxDriver.toExecutor(FirefoxDriver.java:190)at org.openqa.selenium.firefox.FirefoxDriver.<init>(FirefoxDriver.java:147)at org.openqa.selenium.firefox.FirefoxDriver.<init>(FirefoxDriver.java:125)at geb.driver.NameBasedDriverFactory.getDriver(NameBasedDriverFactory.groovy:44)at geb.driver.CachingDriverFactory.getDriver_closure4(CachingDriverFactory.groovy:57)at geb.driver.CachingDriverFactory.getDriver_closure4(CachingDriverFactory.groovy)at geb.driver.CachingDriverFactory$SimpleCache.get(CachingDriverFactory.groovy:81)at geb.driver.CachingDriverFactory.getDriver(CachingDriverFactory.groovy:56)at geb.Configuration.createDriver(Configuration.groovy:697)at geb.Configuration.getDriver(Configuration.groovy:370)at geb.Browser.getDriver(Browser.groovy:162)at geb.Browser.clearCookies(Browser.groovy:651)at geb.Browser.clearCookiesQuietly(Browser.groovy:659)at geb.spock.GebSpec.resetBrowser(GebSpec.groovy:51)at geb.spock.GebSpec.cleanup(GebSpec.groovy:73)]]>
    </error>
  </testcase> <!-- pantalla de login -->
</testsuite> <!-- pruebas._02_Chrome_Spec -->
